[25223.219418] Module loaded
[25223.219424] PID: 1 PROCESS: systemd
[25223.219425] PID: 438 PROCESS: systemd-journal
[25223.219427] PID: 464 PROCESS: systemd-udevd
[25223.219428] PID: 614 PROCESS: multipathd
[25223.219429] PID: 667 PROCESS: systemd-timesyn
[25223.219430] PID: 881 PROCESS: systemd-network
[25223.219431] PID: 884 PROCESS: systemd-resolve
[25223.219432] PID: 910 PROCESS: accounts-daemon
[25223.219434] PID: 913 PROCESS: cron
[25223.219435] PID: 915 PROCESS: dbus-daemon
[25223.219436] PID: 923 PROCESS: irqbalance
[25223.219437] PID: 924 PROCESS: networkd-dispat
[25223.219438] PID: 929 PROCESS: systemd-logind
[25223.219439] PID: 932 PROCESS: atd
[25223.219440] PID: 973 PROCESS: login
[25223.219442] PID: 1008 PROCESS: unattended-upgr
[25223.219443] PID: 1655 PROCESS: systemd
[25223.219444] PID: 2258 PROCESS: dockerd
[25223.219446] PID: 2338 PROCESS: sshd
[25223.219447] PID: 4156 PROCESS: udisksd
[25223.219448] PID: 4735 PROCESS: rsyslogd
[25223.219449] PID: 18444 PROCESS: sh
[25223.219450] PID: 34550 PROCESS: snapd
[25223.219451] PID: 37725 PROCESS: polkitd
[25223.219452] PID: 2 PROCESS: kthreadd
[25223.219453] PID: 3 PROCESS: rcu_gp
[25223.219454] PID: 4 PROCESS: rcu_par_gp
[25223.219456] PID: 6 PROCESS: kworker/0:0H
[25223.219457] PID: 8 PROCESS: mm_percpu_wq
[25223.219458] PID: 9 PROCESS: ksoftirqd/0
[25223.219459] PID: 10 PROCESS: rcu_sched
[25223.219461] PID: 11 PROCESS: migration/0
[25223.219462] PID: 12 PROCESS: idle_inject/0
[25223.219463] PID: 14 PROCESS: cpuhp/0
[25223.219464] PID: 15 PROCESS: cpuhp/1
[25223.219465] PID: 16 PROCESS: idle_inject/1
[25223.219466] PID: 17 PROCESS: migration/1
[25223.219467] PID: 18 PROCESS: ksoftirqd/1
[25223.219468] PID: 20 PROCESS: kworker/1:0H
[25223.219469] PID: 21 PROCESS: cpuhp/2
[25223.219470] PID: 22 PROCESS: idle_inject/2
[25223.219471] PID: 23 PROCESS: migration/2
[25223.219473] PID: 24 PROCESS: ksoftirqd/2
[25223.219474] PID: 26 PROCESS: kworker/2:0H
[25223.219474] PID: 27 PROCESS: cpuhp/3
[25223.219476] PID: 28 PROCESS: idle_inject/3
[25223.219477] PID: 29 PROCESS: migration/3
[25223.219478] PID: 30 PROCESS: ksoftirqd/3
[25223.219479] PID: 32 PROCESS: kworker/3:0H
[25223.219480] PID: 33 PROCESS: kdevtmpfs
[25223.219481] PID: 34 PROCESS: netns
[25223.219482] PID: 35 PROCESS: rcu_tasks_kthre
[25223.219483] PID: 36 PROCESS: kauditd
[25223.219484] PID: 37 PROCESS: khungtaskd
[25223.219485] PID: 38 PROCESS: oom_reaper
[25223.219487] PID: 39 PROCESS: writeback
[25223.219488] PID: 40 PROCESS: kcompactd0
[25223.219489] PID: 41 PROCESS: ksmd
[25223.219490] PID: 42 PROCESS: khugepaged
[25223.219491] PID: 89 PROCESS: kintegrityd
[25223.219492] PID: 90 PROCESS: kblockd
[25223.219493] PID: 91 PROCESS: blkcg_punt_bio
[25223.219494] PID: 93 PROCESS: tpm_dev_wq
[25223.219495] PID: 94 PROCESS: ata_sff
[25223.219496] PID: 95 PROCESS: md
[25223.219497] PID: 96 PROCESS: edac-poller
[25223.219498] PID: 97 PROCESS: devfreq_wq
[25223.219500] PID: 98 PROCESS: watchdogd
[25223.219501] PID: 101 PROCESS: kswapd0
[25223.219502] PID: 102 PROCESS: ecryptfs-kthrea
[25223.219503] PID: 104 PROCESS: kthrotld
[25223.219504] PID: 106 PROCESS: ipv6_addrconf
[25223.219505] PID: 115 PROCESS: kstrp
[25223.219507] PID: 118 PROCESS: kworker/u9:0
[25223.219508] PID: 126 PROCESS: cryptd
[25223.219509] PID: 165 PROCESS: charger_manager
[25223.219510] PID: 213 PROCESS: scsi_eh_0
[25223.219511] PID: 214 PROCESS: scsi_tmf_0
[25223.219513] PID: 215 PROCESS: scsi_eh_1
[25223.219514] PID: 217 PROCESS: scsi_tmf_1
[25223.219514] PID: 218 PROCESS: scsi_eh_2
[25223.219516] PID: 227 PROCESS: scsi_tmf_2
[25223.219517] PID: 236 PROCESS: scsi_eh_3
[25223.219518] PID: 245 PROCESS: scsi_tmf_3
[25223.219519] PID: 247 PROCESS: scsi_eh_4
[25223.219519] PID: 255 PROCESS: scsi_tmf_4
[25223.219521] PID: 258 PROCESS: ttm_swap
[25223.219522] PID: 260 PROCESS: scsi_eh_5
[25223.219522] PID: 261 PROCESS: scsi_tmf_5
[25223.219523] PID: 273 PROCESS: kworker/3:1H
[25223.219524] PID: 275 PROCESS: kworker/0:1H
[25223.219525] PID: 285 PROCESS: kdmflush
[25223.219526] PID: 298 PROCESS: kworker/2:1H
[25223.219527] PID: 318 PROCESS: raid5wq
[25223.219528] PID: 360 PROCESS: kworker/1:1H
[25223.219529] PID: 363 PROCESS: jbd2/dm-0-8
[25223.219529] PID: 364 PROCESS: ext4-rsv-conver
[25223.219530] PID: 610 PROCESS: kaluad
[25223.219531] PID: 611 PROCESS: kmpath_rdacd
[25223.219532] PID: 612 PROCESS: kmpathd
[25223.219533] PID: 613 PROCESS: kmpath_handlerd
[25223.219534] PID: 625 PROCESS: loop0
[25223.219536] PID: 632 PROCESS: loop1
[25223.219537] PID: 634 PROCESS: loop2
[25223.219538] PID: 638 PROCESS: jbd2/sda2-8
[25223.219539] PID: 639 PROCESS: ext4-rsv-conver
[25223.219540] PID: 2064 PROCESS: loop3
[25223.219541] PID: 2403 PROCESS: none
[25223.219542] PID: 34347 PROCESS: loop4
[25223.219543] PID: 34490 PROCESS: loop5
[25223.219545] PID: 35022 PROCESS: loop6
[25223.219546] PID: 35213 PROCESS: loop7
[25223.219547] PID: 37132 PROCESS: kworker/1:2
[25223.219548] PID: 49861 PROCESS: loop8
[25223.219549] PID: 65160 PROCESS: kworker/3:0
[25223.219550] PID: 65173 PROCESS: kworker/2:0
[25223.219551] PID: 65275 PROCESS: kworker/1:1
[25223.219552] PID: 65286 PROCESS: kworker/0:0
[25223.219554] PID: 69841 PROCESS: kworker/3:2
[25223.219555] PID: 69842 PROCESS: kworker/2:1
[25223.219556] PID: 69848 PROCESS: kworker/0:1
[25223.219557] PID: 70781 PROCESS: kworker/u8:1
[25223.219558] PID: 70789 PROCESS: kworker/u8:0
[25223.219559] PID: 73983 PROCESS: kworker/u8:2
[25223.219560] PID: 74168 PROCESS: kworker/1:0
[25223.219561] PID: 74174 PROCESS: kworker/3:1
[25223.219562] PID: 3 PROCESS: rcu_gp
[25223.219562] PID: 4 PROCESS: rcu_par_gp
[25223.219563] PID: 6 PROCESS: kworker/0:0H
[25223.219564] PID: 8 PROCESS: mm_percpu_wq
[25223.219565] PID: 9 PROCESS: ksoftirqd/0
[25223.219566] PID: 10 PROCESS: rcu_sched
[25223.219567] PID: 11 PROCESS: migration/0
[25223.219568] PID: 12 PROCESS: idle_inject/0
[25223.219568] PID: 14 PROCESS: cpuhp/0
[25223.219569] PID: 15 PROCESS: cpuhp/1
[25223.219570] PID: 16 PROCESS: idle_inject/1
[25223.219571] PID: 17 PROCESS: migration/1
[25223.219572] PID: 18 PROCESS: ksoftirqd/1
[25223.219572] PID: 20 PROCESS: kworker/1:0H
[25223.219573] PID: 21 PROCESS: cpuhp/2
[25223.219574] PID: 22 PROCESS: idle_inject/2
[25223.219574] PID: 23 PROCESS: migration/2
[25223.219575] PID: 24 PROCESS: ksoftirqd/2
[25223.219576] PID: 26 PROCESS: kworker/2:0H
[25223.219576] PID: 27 PROCESS: cpuhp/3
[25223.219577] PID: 28 PROCESS: idle_inject/3
[25223.219578] PID: 29 PROCESS: migration/3
[25223.219579] PID: 30 PROCESS: ksoftirqd/3
[25223.219579] PID: 32 PROCESS: kworker/3:0H
[25223.219580] PID: 33 PROCESS: kdevtmpfs
[25223.219581] PID: 34 PROCESS: netns
[25223.219582] PID: 35 PROCESS: rcu_tasks_kthre
[25223.219583] PID: 36 PROCESS: kauditd
[25223.219583] PID: 37 PROCESS: khungtaskd
[25223.219584] PID: 38 PROCESS: oom_reaper
[25223.219585] PID: 39 PROCESS: writeback
[25223.219586] PID: 40 PROCESS: kcompactd0
[25223.219586] PID: 41 PROCESS: ksmd
[25223.219587] PID: 42 PROCESS: khugepaged
[25223.219588] PID: 89 PROCESS: kintegrityd
[25223.219589] PID: 90 PROCESS: kblockd
[25223.219589] PID: 91 PROCESS: blkcg_punt_bio
[25223.219590] PID: 93 PROCESS: tpm_dev_wq
[25223.219591] PID: 94 PROCESS: ata_sff
[25223.219591] PID: 95 PROCESS: md
[25223.219592] PID: 96 PROCESS: edac-poller
[25223.219593] PID: 97 PROCESS: devfreq_wq
[25223.219594] PID: 98 PROCESS: watchdogd
[25223.219595] PID: 101 PROCESS: kswapd0
[25223.219596] PID: 102 PROCESS: ecryptfs-kthrea
[25223.219596] PID: 104 PROCESS: kthrotld
[25223.219597] PID: 106 PROCESS: ipv6_addrconf
[25223.219598] PID: 115 PROCESS: kstrp
[25223.219598] PID: 118 PROCESS: kworker/u9:0
[25223.219599] PID: 126 PROCESS: cryptd
[25223.219600] PID: 165 PROCESS: charger_manager
[25223.219601] PID: 213 PROCESS: scsi_eh_0
[25223.219602] PID: 214 PROCESS: scsi_tmf_0
[25223.219603] PID: 215 PROCESS: scsi_eh_1
[25223.219604] PID: 217 PROCESS: scsi_tmf_1
[25223.219604] PID: 218 PROCESS: scsi_eh_2
[25223.219605] PID: 227 PROCESS: scsi_tmf_2
[25223.219606] PID: 236 PROCESS: scsi_eh_3
[25223.219607] PID: 245 PROCESS: scsi_tmf_3
[25223.219608] PID: 247 PROCESS: scsi_eh_4
[25223.219608] PID: 255 PROCESS: scsi_tmf_4
[25223.219609] PID: 258 PROCESS: ttm_swap
[25223.219610] PID: 260 PROCESS: scsi_eh_5
[25223.219611] PID: 261 PROCESS: scsi_tmf_5
[25223.219612] PID: 273 PROCESS: kworker/3:1H
[25223.219613] PID: 275 PROCESS: kworker/0:1H
[25223.219613] PID: 285 PROCESS: kdmflush
[25223.219614] PID: 298 PROCESS: kworker/2:1H
[25223.219615] PID: 318 PROCESS: raid5wq
[25223.219615] PID: 360 PROCESS: kworker/1:1H
[25223.219616] PID: 363 PROCESS: jbd2/dm-0-8
[25223.219617] PID: 364 PROCESS: ext4-rsv-conver
[25223.219618] PID: 438 PROCESS: systemd-journal
[25223.219619] PID: 464 PROCESS: systemd-udevd
[25223.219619] PID: 610 PROCESS: kaluad
[25223.219620] PID: 611 PROCESS: kmpath_rdacd
[25223.219621] PID: 612 PROCESS: kmpathd
[25223.219621] PID: 613 PROCESS: kmpath_handlerd
[25223.219622] PID: 614 PROCESS: multipathd
[25223.219623] PID: 625 PROCESS: loop0
[25223.219624] PID: 632 PROCESS: loop1
[25223.219624] PID: 634 PROCESS: loop2
[25223.219625] PID: 638 PROCESS: jbd2/sda2-8
[25223.219626] PID: 639 PROCESS: ext4-rsv-conver
[25223.219627] PID: 667 PROCESS: systemd-timesyn
[25223.219628] PID: 881 PROCESS: systemd-network
[25223.219628] PID: 884 PROCESS: systemd-resolve
[25223.219629] PID: 910 PROCESS: accounts-daemon
[25223.219630] PID: 913 PROCESS: cron
[25223.219631] PID: 915 PROCESS: dbus-daemon
[25223.219631] PID: 923 PROCESS: irqbalance
[25223.219632] PID: 924 PROCESS: networkd-dispat
[25223.219633] PID: 929 PROCESS: systemd-logind
[25223.219634] PID: 932 PROCESS: atd
[25223.219634] PID: 973 PROCESS: login
[25223.219635] PID: 1663 PROCESS: bash
[25223.219636] PID: 1008 PROCESS: unattended-upgr
[25223.219637] PID: 1655 PROCESS: systemd
[25223.219637] PID: 1656 PROCESS: (sd-pam)
[25223.219638] PID: 1656 PROCESS: (sd-pam)
[25223.219638] PID: 1663 PROCESS: bash
[25223.219639] PID: 17965 PROCESS: zsh
[25223.219640] PID: 2064 PROCESS: loop3
[25223.219641] PID: 2258 PROCESS: dockerd
[25223.219641] PID: 2338 PROCESS: sshd
[25223.219642] PID: 65303 PROCESS: sshd
[25223.219643] PID: 65476 PROCESS: sshd
[25223.219645] PID: 2363 PROCESS: containerd
[25223.219646] PID: 2403 PROCESS: none
[25223.219647] PID: 4156 PROCESS: udisksd
[25223.219647] PID: 4735 PROCESS: rsyslogd
[25223.219648] PID: 17965 PROCESS: zsh
[25223.219649] PID: 17992 PROCESS: zsh
[25223.219649] PID: 17992 PROCESS: zsh
[25223.219650] PID: 17996 PROCESS: bash
[25223.219651] PID: 17996 PROCESS: bash
[25223.219652] PID: 18004 PROCESS: zsh
[25223.219652] PID: 18004 PROCESS: zsh
[25223.219653] PID: 18222 PROCESS: zsh
[25223.219665] PID: 18222 PROCESS: zsh
[25223.219706] PID: 18444 PROCESS: sh
[25223.219707] PID: 18451 PROCESS: node
[25223.219707] PID: 18451 PROCESS: node
[25223.219709] PID: 18483 PROCESS: node
[25223.219709] PID: 65615 PROCESS: node
[25223.219711] PID: 65626 PROCESS: node
[25223.219711] PID: 18483 PROCESS: node
[25223.219713] PID: 19352 PROCESS: zsh
[25223.219713] PID: 56117 PROCESS: zsh
[25223.219714] PID: 19352 PROCESS: zsh
[25223.219714] PID: 34347 PROCESS: loop4
[25223.219715] PID: 34490 PROCESS: loop5
[25223.219716] PID: 34550 PROCESS: snapd
[25223.219717] PID: 35022 PROCESS: loop6
[25223.219718] PID: 35213 PROCESS: loop7
[25223.219718] PID: 37132 PROCESS: kworker/1:2
[25223.219719] PID: 37725 PROCESS: polkitd
[25223.219720] PID: 49861 PROCESS: loop8
[25223.219720] PID: 56117 PROCESS: zsh
[25223.219721] PID: 74628 PROCESS: sudo
[25223.219722] PID: 65160 PROCESS: kworker/3:0
[25223.219722] PID: 65173 PROCESS: kworker/2:0
[25223.219723] PID: 65275 PROCESS: kworker/1:1
[25223.219724] PID: 65286 PROCESS: kworker/0:0
[25223.219725] PID: 65303 PROCESS: sshd
[25223.219726] PID: 65428 PROCESS: sshd
[25223.219726] PID: 65428 PROCESS: sshd
[25223.219728] PID: 65429 PROCESS: zsh
[25223.219728] PID: 65429 PROCESS: zsh
[25223.219729] PID: 65476 PROCESS: sshd
[25223.219730] PID: 65560 PROCESS: sshd
[25223.219730] PID: 65560 PROCESS: sshd
[25223.219732] PID: 65561 PROCESS: zsh
[25223.219732] PID: 65561 PROCESS: zsh
[25223.219733] PID: 65563 PROCESS: bash
[25223.219733] PID: 65563 PROCESS: bash
[25223.219735] PID: 74163 PROCESS: sleep
[25223.219735] PID: 65615 PROCESS: node
[25223.219736] PID: 65675 PROCESS: cpptools
[25223.219737] PID: 66860 PROCESS: node
[25223.219738] PID: 65626 PROCESS: node
[25223.219739] PID: 65675 PROCESS: cpptools
[25223.219739] PID: 66860 PROCESS: node
[25223.219740] PID: 69841 PROCESS: kworker/3:2
[25223.219741] PID: 69842 PROCESS: kworker/2:1
[25223.219741] PID: 69848 PROCESS: kworker/0:1
[25223.219742] PID: 70781 PROCESS: kworker/u8:1
[25223.219743] PID: 70789 PROCESS: kworker/u8:0
[25223.219743] PID: 73983 PROCESS: kworker/u8:2
[25223.219744] PID: 74163 PROCESS: sleep
[25223.219744] PID: 74168 PROCESS: kworker/1:0
[25223.219745] PID: 74174 PROCESS: kworker/3:1
[25223.219746] PID: 74601 PROCESS: cpptools-srv
[25223.219748] PID: 74628 PROCESS: sudo
[25223.219748] PID: 74629 PROCESS: insmod
[25223.219749] PID: 74629 PROCESS: insmod
[25227.039470] Module exit
